<?xml version="1.0" encoding="UTF-8"?>
<!-- Generated by org.testng.reporters.JUnitXMLReporter -->
<testsuite ignored="0" hostname="HW1000000689" failures="0" tests="3" name="Default test" time="15.008" errors="0" timestamp="2025-07-10T11:54:08 IST">
  <testcase classname="tests.LoginTest" name="loginWithInvalidCredentials" time="2.077"/>
  <testcase classname="tests.LoginTest" name="loginWithValidCredentials" time="3.633"/>
  <testcase classname="tests.LoginTest" name="logoutUser" time="1.57"/>
</testsuite> <!-- Default test -->
