<?xml version="1.0" encoding="UTF-8"?>
<!-- Generated by org.testng.reporters.JUnitXMLReporter -->
<testsuite ignored="0" hostname="HW1000000689" failures="0" tests="7" name="User Authentication Tests" time="97.56" errors="0" timestamp="2025-07-19T15:08:08 IST">
  <testcase classname="tests.RegisterUserTest" name="signUpUser" time="2.676"/>
  <testcase classname="tests.RegisterUserTest" name="fillAndConfirmRegistrationDetails" time="6.318"/>
  <testcase classname="tests.RegisterUserTest" name="verifyLoggedInUserName" time="2.826"/>
  <testcase classname="tests.RegisterUserTest" name="signupWithExistingEmail" time="2.822"/>
  <testcase classname="tests.LoginTest" name="loginWithInvalidCredentials" time="3.022"/>
  <testcase classname="tests.LoginTest" name="loginWithValidCredentials" time="60.068"/>
  <testcase classname="tests.LoginTest" name="logoutUser" time="2.184"/>
</testsuite> <!-- User Authentication Tests -->
