<?xml version="1.0" encoding="UTF-8"?>
<!-- Generated by org.testng.reporters.JUnitXMLReporter -->
<testsuite ignored="0" hostname="HW1000000689" failures="0" tests="7" name="User Authentication Tests" time="31.726" errors="0" timestamp="2025-07-21T11:49:33 IST">
  <testcase classname="tests.RegisterUserTest" name="signUpUser" time="2.405"/>
  <testcase classname="tests.RegisterUserTest" name="fillAndConfirmRegistrationDetails" time="4.638"/>
  <testcase classname="tests.RegisterUserTest" name="verifyLoggedInUserName" time="3.457"/>
  <testcase classname="tests.RegisterUserTest" name="signupWithExistingEmail" time="2.058"/>
  <testcase classname="tests.LoginTest" name="loginWithInvalidCredentials" time="2.428"/>
  <testcase classname="tests.LoginTest" name="loginWithValidCredentials" time="3.258"/>
  <testcase classname="tests.LoginTest" name="logoutUser" time="1.793"/>
</testsuite> <!-- User Authentication Tests -->
