<?xml version="1.0" encoding="UTF-8"?>
<testng-results ignored="0" total="7" passed="7" failed="0" skipped="0">
  <reporter-output>
  </reporter-output>
  <suite started-at="2025-07-21T11:49:01 IST" name="Registration and Login Test Suite" finished-at="2025-07-21T11:49:33 IST" duration-ms="31726">
    <groups>
    </groups>
    <test started-at="2025-07-21T11:49:01 IST" name="User Authentication Tests" finished-at="2025-07-21T11:49:33 IST" duration-ms="31726">
      <class name="tests.LoginTest">
        <test-method is-config="true" signature="setup()[pri:0, instance:tests.LoginTest@5812f68b]" started-at="2025-07-21T11:49:19 IST" name="setup" finished-at="2025-07-21T11:49:24 IST" duration-ms="4369" status="PASS">
          <reporter-output>
          </reporter-output>
        </test-method> <!-- setup -->
        <test-method is-config="true" signature="setBefore()[pri:0, instance:tests.LoginTest@5812f68b]" started-at="2025-07-21T11:49:24 IST" name="setBefore" finished-at="2025-07-21T11:49:24 IST" duration-ms="2" status="PASS">
          <reporter-output>
          </reporter-output>
        </test-method> <!-- setBefore -->
        <test-method signature="loginWithInvalidCredentials()[pri:1, instance:tests.LoginTest@5812f68b]" started-at="2025-07-21T11:49:24 IST" name="loginWithInvalidCredentials" finished-at="2025-07-21T11:49:26 IST" duration-ms="2428" status="PASS">
          <reporter-output>
          </reporter-output>
        </test-method> <!-- loginWithInvalidCredentials -->
        <test-method is-config="true" signature="setBefore()[pri:0, instance:tests.LoginTest@5812f68b]" started-at="2025-07-21T11:49:26 IST" name="setBefore" finished-at="2025-07-21T11:49:26 IST" duration-ms="2" status="PASS">
          <reporter-output>
          </reporter-output>
        </test-method> <!-- setBefore -->
        <test-method signature="loginWithValidCredentials()[pri:2, instance:tests.LoginTest@5812f68b]" started-at="2025-07-21T11:49:26 IST" name="loginWithValidCredentials" finished-at="2025-07-21T11:49:29 IST" duration-ms="3258" status="PASS">
          <reporter-output>
          </reporter-output>
        </test-method> <!-- loginWithValidCredentials -->
        <test-method is-config="true" signature="setBefore()[pri:0, instance:tests.LoginTest@5812f68b]" started-at="2025-07-21T11:49:29 IST" name="setBefore" finished-at="2025-07-21T11:49:29 IST" duration-ms="1" status="PASS">
          <reporter-output>
          </reporter-output>
        </test-method> <!-- setBefore -->
        <test-method signature="logoutUser()[pri:0, instance:tests.LoginTest@5812f68b]" started-at="2025-07-21T11:49:29 IST" name="logoutUser" finished-at="2025-07-21T11:49:31 IST" depends-on-methods="tests.LoginTest.loginWithValidCredentials" duration-ms="1793" status="PASS">
          <reporter-output>
          </reporter-output>
        </test-method> <!-- logoutUser -->
        <test-method is-config="true" signature="tearDown()[pri:0, instance:tests.LoginTest@5812f68b]" started-at="2025-07-21T11:49:31 IST" name="tearDown" finished-at="2025-07-21T11:49:33 IST" duration-ms="1943" status="PASS">
          <reporter-output>
          </reporter-output>
        </test-method> <!-- tearDown -->
      </class> <!-- tests.LoginTest -->
      <class name="tests.RegisterUserTest">
        <test-method is-config="true" signature="setup()[pri:0, instance:tests.RegisterUserTest@3ad2e17]" started-at="2025-07-21T11:49:01 IST" name="setup" finished-at="2025-07-21T11:49:06 IST" duration-ms="4941" status="PASS">
          <reporter-output>
          </reporter-output>
        </test-method> <!-- setup -->
        <test-method is-config="true" signature="setBeforeData()[pri:0, instance:tests.RegisterUserTest@3ad2e17]" started-at="2025-07-21T11:49:06 IST" name="setBeforeData" finished-at="2025-07-21T11:49:06 IST" duration-ms="12" status="PASS">
          <reporter-output>
          </reporter-output>
        </test-method> <!-- setBeforeData -->
        <test-method signature="signUpUser()[pri:1, instance:tests.RegisterUserTest@3ad2e17]" started-at="2025-07-21T11:49:06 IST" name="signUpUser" finished-at="2025-07-21T11:49:09 IST" duration-ms="2405" status="PASS">
          <reporter-output>
          </reporter-output>
        </test-method> <!-- signUpUser -->
        <test-method is-config="true" signature="setBeforeData()[pri:0, instance:tests.RegisterUserTest@3ad2e17]" started-at="2025-07-21T11:49:09 IST" name="setBeforeData" finished-at="2025-07-21T11:49:09 IST" duration-ms="2" status="PASS">
          <reporter-output>
          </reporter-output>
        </test-method> <!-- setBeforeData -->
        <test-method signature="fillAndConfirmRegistrationDetails()[pri:0, instance:tests.RegisterUserTest@3ad2e17]" started-at="2025-07-21T11:49:09 IST" name="fillAndConfirmRegistrationDetails" finished-at="2025-07-21T11:49:13 IST" depends-on-methods="tests.RegisterUserTest.signUpUser" duration-ms="4638" status="PASS">
          <reporter-output>
          </reporter-output>
        </test-method> <!-- fillAndConfirmRegistrationDetails -->
        <test-method is-config="true" signature="setBeforeData()[pri:0, instance:tests.RegisterUserTest@3ad2e17]" started-at="2025-07-21T11:49:13 IST" name="setBeforeData" finished-at="2025-07-21T11:49:13 IST" duration-ms="2" status="PASS">
          <reporter-output>
          </reporter-output>
        </test-method> <!-- setBeforeData -->
        <test-method signature="verifyLoggedInUserName()[pri:0, instance:tests.RegisterUserTest@3ad2e17]" started-at="2025-07-21T11:49:13 IST" name="verifyLoggedInUserName" finished-at="2025-07-21T11:49:17 IST" depends-on-methods="tests.RegisterUserTest.fillAndConfirmRegistrationDetails" duration-ms="3457" status="PASS">
          <reporter-output>
          </reporter-output>
        </test-method> <!-- verifyLoggedInUserName -->
        <test-method is-config="true" signature="setBeforeData()[pri:0, instance:tests.RegisterUserTest@3ad2e17]" started-at="2025-07-21T11:49:17 IST" name="setBeforeData" finished-at="2025-07-21T11:49:17 IST" duration-ms="1" status="PASS">
          <reporter-output>
          </reporter-output>
        </test-method> <!-- setBeforeData -->
        <test-method signature="signupWithExistingEmail()[pri:2, instance:tests.RegisterUserTest@3ad2e17]" started-at="2025-07-21T11:49:17 IST" name="signupWithExistingEmail" finished-at="2025-07-21T11:49:19 IST" duration-ms="2058" status="PASS">
          <reporter-output>
          </reporter-output>
        </test-method> <!-- signupWithExistingEmail -->
        <test-method is-config="true" signature="tearDown()[pri:0, instance:tests.RegisterUserTest@3ad2e17]" started-at="2025-07-21T11:49:19 IST" name="tearDown" finished-at="2025-07-21T11:49:19 IST" duration-ms="381" status="PASS">
          <reporter-output>
          </reporter-output>
        </test-method> <!-- tearDown -->
      </class> <!-- tests.RegisterUserTest -->
    </test> <!-- User Authentication Tests -->
  </suite> <!-- Registration and Login Test Suite -->
</testng-results>
