<?xml version="1.0" encoding="UTF-8"?>
<testsuite xmlns:xsi="http://www.w3.org/2001/XMLSchema-instance" xsi:noNamespaceSchemaLocation="https://maven.apache.org/surefire/maven-surefire-plugin/xsd/surefire-test-report.xsd" version="3.0.2" name="TestSuite" time="32.369" tests="7" errors="0" skipped="0" failures="0">
  <properties>
[...]
</properties>
  <testcase name="signUpUser" classname="tests.RegisterUserTest" time="2.409">
    <system-err><![CDATA[Jul 21, 2025 11:49:02 AM org.openqa.selenium.devtools.CdpVersionFinder findNearestMatch
WARNING: Unable to find CDP implementation matching 137
Jul 21, 2025 11:49:02 AM org.openqa.selenium.chromium.ChromiumDriver lambda$new$4
WARNING: Unable to find version of CDP to use for 137.0.7151.104. You may need to include a dependency on a specific version of the CDP using something similar to `org.seleniumhq.selenium:selenium-devtools-v86:4.28.1` where the version ("v86") matches the version of the chromium-based browser you're using and the version number of the artifact is the same as Selenium's.
]]></system-err>
  </testcase>
  <testcase name="fillAndConfirmRegistrationDetails" classname="tests.RegisterUserTest" time="4.638"/>
  <testcase name="verifyLoggedInUserName" classname="tests.RegisterUserTest" time="3.457"/>
  <testcase name="signupWithExistingEmail" classname="tests.RegisterUserTest" time="2.058"/>
  <testcase name="loginWithInvalidCredentials" classname="tests.LoginTest" time="2.427">
    <system-err><![CDATA[Jul 21, 2025 11:49:20 AM org.openqa.selenium.devtools.CdpVersionFinder findNearestMatch
WARNING: Unable to find CDP implementation matching 137
Jul 21, 2025 11:49:20 AM org.openqa.selenium.chromium.ChromiumDriver lambda$new$4
WARNING: Unable to find version of CDP to use for 137.0.7151.104. You may need to include a dependency on a specific version of the CDP using something similar to `org.seleniumhq.selenium:selenium-devtools-v86:4.28.1` where the version ("v86") matches the version of the chromium-based browser you're using and the version number of the artifact is the same as Selenium's.
]]></system-err>
  </testcase>
  <testcase name="loginWithValidCredentials" classname="tests.LoginTest" time="3.258"/>
  <testcase name="logoutUser" classname="tests.LoginTest" time="1.794"/>
</testsuite>