<?xml version="1.0" encoding="UTF-8"?>
<!-- Generated by org.testng.reporters.JUnitXMLReporter -->
<testsuite ignored="0" hostname="HW1000000689" failures="0" tests="7" name="User Authentication Tests" time="42.333" errors="0" timestamp="2025-07-22T11:45:44 IST">
  <testcase classname="tests.RegisterUserTest" name="signUpUser" time="5.315"/>
  <testcase classname="tests.RegisterUserTest" name="fillAndConfirmRegistrationDetails" time="6.568"/>
  <testcase classname="tests.RegisterUserTest" name="verifyLoggedInUserName" time="4.152"/>
  <testcase classname="tests.RegisterUserTest" name="signupWithExistingEmail" time="2.85"/>
  <testcase classname="tests.LoginTest" name="loginWithInvalidCredentials" time="3.96"/>
  <testcase classname="tests.LoginTest" name="loginWithValidCredentials" time="3.782"/>
  <testcase classname="tests.LoginTest" name="logoutUser" time="1.987"/>
</testsuite> <!-- User Authentication Tests -->
